<?xml version="1.0" encoding="UTF-8"?>
<testng-results ignored="0" total="6" passed="6" failed="0" skipped="0">
  <reporter-output>
  </reporter-output>
  <suite started-at="2023-02-09T12:43:43 IST" name="Default suite" finished-at="2023-02-09T12:44:01 IST" duration-ms="17454">
    <groups>
    </groups>
    <test started-at="2023-02-09T12:43:43 IST" name="Default test" finished-at="2023-02-09T12:44:01 IST" duration-ms="17454">
      <class name="Package1.RA">
        <test-method signature="test1()[pri:0, instance:Package1.RA@47d90b9e]" started-at="2023-02-09T12:43:43 IST" name="test1" finished-at="2023-02-09T12:43:49 IST" duration-ms="5542" status="PASS">
          <reporter-output>
          </reporter-output>
        </test-method> <!-- test1 -->
        <test-method signature="test2()[pri:0, instance:Package1.RA@47d90b9e]" started-at="2023-02-09T12:43:49 IST" name="test2" finished-at="2023-02-09T12:43:50 IST" duration-ms="1553" status="PASS">
          <reporter-output>
          </reporter-output>
        </test-method> <!-- test2 -->
        <test-method signature="test3()[pri:0, instance:Package1.RA@47d90b9e]" started-at="2023-02-09T12:43:50 IST" name="test3" finished-at="2023-02-09T12:43:53 IST" duration-ms="2447" status="PASS">
          <reporter-output>
          </reporter-output>
        </test-method> <!-- test3 -->
        <test-method signature="test4()[pri:0, instance:Package1.RA@47d90b9e]" started-at="2023-02-09T12:43:53 IST" name="test4" finished-at="2023-02-09T12:43:56 IST" duration-ms="3617" status="PASS">
          <reporter-output>
          </reporter-output>
        </test-method> <!-- test4 -->
        <test-method signature="test5()[pri:0, instance:Package1.RA@47d90b9e]" started-at="2023-02-09T12:43:56 IST" name="test5" finished-at="2023-02-09T12:43:58 IST" duration-ms="2111" status="PASS">
          <reporter-output>
          </reporter-output>
        </test-method> <!-- test5 -->
        <test-method signature="test6()[pri:0, instance:Package1.RA@47d90b9e]" started-at="2023-02-09T12:43:58 IST" name="test6" finished-at="2023-02-09T12:44:01 IST" duration-ms="2048" status="PASS">
          <reporter-output>
          </reporter-output>
        </test-method> <!-- test6 -->
      </class> <!-- Package1.RA -->
    </test> <!-- Default test -->
  </suite> <!-- Default suite -->
</testng-results>
