<?xml version="1.0" encoding="UTF-8"?>
<testng-results ignored="2" total="4" passed="2" failed="0" skipped="0">
  <reporter-output>
  </reporter-output>
  <suite started-at="2023-01-03T15:41:48 IST" name="Default suite" finished-at="2023-01-03T15:41:57 IST" duration-ms="8811">
    <groups>
    </groups>
    <test started-at="2023-01-03T15:41:48 IST" name="Default test" finished-at="2023-01-03T15:41:57 IST" duration-ms="8811">
      <class name="Package1.Trello">
        <test-method signature="createboards()[pri:0, instance:Package1.Trello@3c22fc4c]" started-at="2023-01-03T15:41:49 IST" name="createboards" finished-at="2023-01-03T15:41:56 IST" duration-ms="7214" status="PASS">
          <reporter-output>
          </reporter-output>
        </test-method> <!-- createboards -->
        <test-method signature="update_Board()[pri:0, instance:Package1.Trello@3c22fc4c]" started-at="2023-01-03T15:41:56 IST" name="update_Board" finished-at="2023-01-03T15:41:57 IST" duration-ms="1498" status="PASS">
          <reporter-output>
          </reporter-output>
        </test-method> <!-- update_Board -->
      </class> <!-- Package1.Trello -->
    </test> <!-- Default test -->
  </suite> <!-- Default suite -->
</testng-results>
