<?xml version="1.0" encoding="UTF-8"?>
<testng-results ignored="0" total="1" passed="1" failed="0" skipped="0">
  <reporter-output>
  </reporter-output>
  <suite started-at="2023-06-30T13:26:27 IST" name="Default suite" finished-at="2023-06-30T13:27:17 IST" duration-ms="50766">
    <groups>
    </groups>
    <test started-at="2023-06-30T13:26:27 IST" name="Default test" finished-at="2023-06-30T13:27:17 IST" duration-ms="50766">
      <class name="TestCases.Test_Cases">
        <test-method is-config="true" signature="setup()[pri:0, instance:TestCases.Test_Cases@1ab3a8c8]" started-at="2023-06-30T13:26:18 IST" name="setup" finished-at="2023-06-30T13:26:27 IST" duration-ms="8935" status="PASS">
          <reporter-output>
          </reporter-output>
        </test-method> <!-- setup -->
        <test-method signature="Test_Case()[pri:0, instance:TestCases.Test_Cases@1ab3a8c8]" started-at="2023-06-30T13:26:27 IST" name="Test_Case" finished-at="2023-06-30T13:27:17 IST" duration-ms="50647" status="PASS">
          <reporter-output>
          </reporter-output>
        </test-method> <!-- Test_Case -->
        <test-method is-config="true" signature="TearDown()[pri:0, instance:TestCases.Test_Cases@1ab3a8c8]" started-at="2023-06-30T13:27:17 IST" name="TearDown" finished-at="2023-06-30T13:27:18 IST" duration-ms="251" status="PASS">
          <reporter-output>
          </reporter-output>
        </test-method> <!-- TearDown -->
      </class> <!-- TestCases.Test_Cases -->
    </test> <!-- Default test -->
  </suite> <!-- Default suite -->
</testng-results>
