<?xml version="1.0" encoding="UTF-8"?>
<testng-results ignored="0" total="1" passed="1" failed="0" skipped="0">
  <reporter-output>
  </reporter-output>
  <suite started-at="2023-05-30T15:04:09 IST" name="Default suite" finished-at="2023-05-30T15:04:32 IST" duration-ms="23778">
    <groups>
    </groups>
    <test started-at="2023-05-30T15:04:09 IST" name="Default test" finished-at="2023-05-30T15:04:32 IST" duration-ms="23778">
      <class name="Package1.TestCases">
        <test-method is-config="true" signature="beforesuite()[pri:0, instance:Package1.TestCases@1cbbffcd]" started-at="2023-05-30T15:03:58 IST" name="beforesuite" finished-at="2023-05-30T15:04:09 IST" duration-ms="10211" status="PASS">
          <reporter-output>
          </reporter-output>
        </test-method> <!-- beforesuite -->
        <test-method signature="Test_Case1()[pri:0, instance:Package1.TestCases@1cbbffcd]" started-at="2023-05-30T15:04:09 IST" name="Test_Case1" finished-at="2023-05-30T15:04:32 IST" duration-ms="23716" status="PASS">
          <reporter-output>
          </reporter-output>
        </test-method> <!-- Test_Case1 -->
        <test-method is-config="true" signature="aftersuite()[pri:0, instance:Package1.TestCases@1cbbffcd]" started-at="2023-05-30T15:04:32 IST" name="aftersuite" finished-at="2023-05-30T15:04:32 IST" duration-ms="0" status="PASS">
          <reporter-output>
          </reporter-output>
        </test-method> <!-- aftersuite -->
      </class> <!-- Package1.TestCases -->
    </test> <!-- Default test -->
  </suite> <!-- Default suite -->
</testng-results>
