<?xml version="1.0" encoding="UTF-8"?>
<!-- Generated by org.testng.reporters.JUnitXMLReporter -->
<testsuite ignored="2" hostname="DESKTOP-PKRGAQS" failures="0" tests="2" name="Default test" time="8.811" errors="0" timestamp="2023-01-03T15:41:57 IST">
  <testcase classname="Package1.Trello" name="createboards" time="7.214"/>
  <testcase classname="Package1.Trello" name="update_Board" time="1.498"/>
  <testcase classname="Package1.Trello" name="delete_boards" time="0.0">
    <ignored/>
  </testcase> <!-- delete_boards -->
  <testcase classname="Package1.Trello" name="getboards" time="0.0">
    <ignored/>
  </testcase> <!-- getboards -->
</testsuite> <!-- Default test -->
