<?xml version="1.0" encoding="UTF-8"?>
<testng-results ignored="0" total="1" passed="1" failed="0" skipped="0">
  <reporter-output>
  </reporter-output>
  <suite started-at="2023-03-09T13:38:09 IST" name="Default suite" finished-at="2023-03-09T13:40:38 IST" duration-ms="149229">
    <groups>
    </groups>
    <test started-at="2023-03-09T13:38:09 IST" name="Default test" finished-at="2023-03-09T13:40:38 IST" duration-ms="149229">
      <class name="Package1.Demo">
        <test-method is-config="true" signature="bt()[pri:0, instance:Package1.Demo@7f3b84b8]" started-at="2023-03-09T13:38:09 IST" name="bt" finished-at="2023-03-09T13:39:37 IST" duration-ms="88288" status="PASS">
          <reporter-output>
          </reporter-output>
        </test-method> <!-- bt -->
        <test-method signature="demo()[pri:0, instance:Package1.Demo@7f3b84b8]" started-at="2023-03-09T13:39:37 IST" name="demo" finished-at="2023-03-09T13:40:38 IST" duration-ms="60795" status="PASS">
          <reporter-output>
          </reporter-output>
        </test-method> <!-- demo -->
      </class> <!-- Package1.Demo -->
    </test> <!-- Default test -->
  </suite> <!-- Default suite -->
</testng-results>
