<?xml version="1.0" encoding="UTF-8"?>
<!-- Generated by org.testng.reporters.JUnitXMLReporter -->
<testsuite ignored="1" hostname="DESKTOP-PKRGAQS" failures="0" tests="2" name="Test" time="0.112" errors="0" timestamp="2023-03-06T15:46:13 IST">
  <testcase classname="Package2.group" name="testcase3" time="0.015"/>
  <testcase classname="Package2.group" name="testcase1" time="0.006"/>
  <testcase classname="Package2.group" name="testcase2" time="0.0">
    <ignored/>
  </testcase> <!-- testcase2 -->
</testsuite> <!-- Test -->
