<?xml version="1.0" encoding="UTF-8"?>
<testng-results ignored="0" total="1" passed="1" failed="0" skipped="0">
  <reporter-output>
  </reporter-output>
  <suite started-at="2023-03-08T14:10:54 IST" name="Default suite" finished-at="2023-03-08T14:11:23 IST" duration-ms="28398">
    <groups>
    </groups>
    <test started-at="2023-03-08T14:10:54 IST" name="Default test" finished-at="2023-03-08T14:11:23 IST" duration-ms="28398">
      <class name="Package2.Frames">
        <test-method is-config="true" signature="beforeTest()[pri:0, instance:Package2.Frames@3911c2a7]" started-at="2023-03-08T14:10:54 IST" name="beforeTest" finished-at="2023-03-08T14:11:16 IST" duration-ms="21865" status="PASS">
          <reporter-output>
          </reporter-output>
        </test-method> <!-- beforeTest -->
        <test-method signature="Frames()[pri:0, instance:Package2.Frames@3911c2a7]" started-at="2023-03-08T14:11:16 IST" name="Frames" finished-at="2023-03-08T14:11:23 IST" duration-ms="6451" status="PASS">
          <reporter-output>
          </reporter-output>
        </test-method> <!-- Frames -->
      </class> <!-- Package2.Frames -->
    </test> <!-- Default test -->
  </suite> <!-- Default suite -->
</testng-results>
