<?xml version="1.0" encoding="UTF-8"?>
<!-- Generated by org.testng.reporters.JUnitXMLReporter -->
<testsuite ignored="0" hostname="DESKTOP-PKRGAQS" failures="0" tests="6" name="Default test" time="17.454" errors="0" timestamp="2023-02-09T12:44:01 IST">
  <testcase classname="Package1.RA" name="test1" time="5.542"/>
  <testcase classname="Package1.RA" name="test2" time="1.553"/>
  <testcase classname="Package1.RA" name="test3" time="2.447"/>
  <testcase classname="Package1.RA" name="test4" time="3.617"/>
  <testcase classname="Package1.RA" name="test5" time="2.111"/>
  <testcase classname="Package1.RA" name="test6" time="2.048"/>
</testsuite> <!-- Default test -->
