<?xml version="1.0" encoding="UTF-8"?>
<testng-results ignored="0" total="1" passed="1" failed="0" skipped="0">
  <reporter-output>
  </reporter-output>
  <suite started-at="2023-05-07T10:59:32 IST" name="Default suite" finished-at="2023-05-07T10:59:32 IST" duration-ms="757">
    <groups>
      <group name="cucumber">
        <method signature="AbstractTestNGCucumberTests.runScenario(io.cucumber.testng.PickleWrapper,io.cucumber.testng.FeatureWrapper)[pri:0, instance:Runner.Test_Runner@1afd44cb]" name="runScenario" class="io.cucumber.testng.AbstractTestNGCucumberTests"/>
      </group> <!-- cucumber -->
    </groups>
    <test started-at="2023-05-07T10:59:32 IST" name="Default test" finished-at="2023-05-07T10:59:32 IST" duration-ms="757">
      <class name="Runner.Test_Runner">
        <test-method is-config="true" signature="setUpClass(org.testng.ITestContext)[pri:0, instance:Runner.Test_Runner@1afd44cb]" started-at="2023-05-07T10:59:32 IST" name="setUpClass" finished-at="2023-05-07T10:59:32 IST" duration-ms="454" status="PASS">
          <params>
            <param index="0">
              <value>
                <![CDATA[org.testng.TestRunner@2b76ff4e]]>
              </value>
            </param>
          </params>
          <reporter-output>
          </reporter-output>
        </test-method> <!-- setUpClass -->
        <test-method signature="runScenario(io.cucumber.testng.PickleWrapper,io.cucumber.testng.FeatureWrapper)[pri:0, instance:Runner.Test_Runner@1afd44cb]" started-at="2023-05-07T10:59:32 IST" name="runScenario" description="Runs Cucumber Scenarios" data-provider="scenarios" finished-at="2023-05-07T10:59:32 IST" duration-ms="200" status="PASS">
          <params>
            <param index="0">
              <value>
                <![CDATA["To test the login page of OrangeHRM"]]>
              </value>
            </param>
            <param index="1">
              <value>
                <![CDATA["Optional[Testing Orange HRM]"]]>
              </value>
            </param>
          </params>
          <reporter-output>
          </reporter-output>
        </test-method> <!-- runScenario -->
        <test-method is-config="true" signature="tearDownClass()[pri:0, instance:Runner.Test_Runner@1afd44cb]" started-at="2023-05-07T10:59:32 IST" name="tearDownClass" finished-at="2023-05-07T10:59:32 IST" duration-ms="19" status="PASS">
          <reporter-output>
          </reporter-output>
        </test-method> <!-- tearDownClass -->
      </class> <!-- Runner.Test_Runner -->
    </test> <!-- Default test -->
  </suite> <!-- Default suite -->
</testng-results>
